<?xml version="1.0" encoding="UTF-8"?>
<!-- Generated by org.testng.reporters.JUnitReportReporter -->
<testsuite skipped="0" hostname="Swathi-PC" name="Acadamy.NavigationValidationTest" tests="1" failures="0" timestamp="26 Jun 2018 11:38:03 GMT" time="11.810" errors="0">
  <testcase name="basePageNavigation" time="11.810" classname="Acadamy.NavigationValidationTest"/>
</testsuite> <!-- Acadamy.NavigationValidationTest -->
