<?xml version="1.0" encoding="UTF-8"?>
<!-- Generated by org.testng.reporters.JUnitReportReporter -->
<testsuite skipped="0" hostname="Swathi-PC" name="amazon.NavigationValidationTest" tests="1" failures="0" timestamp="26 Jun 2018 12:23:15 GMT" time="0.133" errors="0">
  <testcase name="basePageNavigation" time="0.133" classname="amazon.NavigationValidationTest"/>
</testsuite> <!-- amazon.NavigationValidationTest -->
