<?xml version="1.0" encoding="UTF-8"?>
<!-- Generated by org.testng.reporters.JUnitReportReporter -->
<testsuite skipped="0" hostname="Swathi-PC" name="amazon.HomePageTest" tests="1" failures="0" timestamp="26 Jun 2018 14:10:15 GMT" time="17.084" errors="0">
  <testcase name="basePageNavigation" time="17.084" classname="amazon.HomePageTest"/>
</testsuite> <!-- amazon.HomePageTest -->
